2026-04-16T23:22:18.388117Z  INFO tailwindcss_oxide::scanner: Provided sources:
2026-04-16T23:22:18.388335Z  INFO tailwindcss_oxide::scanner: Source: PublicSourceEntry { base: "/Users/evandsouza/Documents/therapywithpallavi", pattern: "**/*", negated: false }
2026-04-16T23:22:18.388522Z  INFO tailwindcss_oxide::scanner: Optimized sources:
2026-04-16T23:22:18.388533Z  INFO tailwindcss_oxide::scanner: Source: Auto { base: "/Users/evandsouza/Documents/therapywithpallavi" }
2026-04-16T23:22:18.390083Z  INFO discover_sources: tailwindcss_oxide::scanner: enter
2026-04-16T23:22:18.390096Z  INFO discover_sources:walk_synchronous: tailwindcss_oxide::scanner: enter
2026-04-16T23:22:18.392009Z  INFO discover_sources:walk_synchronous: tailwindcss_oxide::scanner: exit
2026-04-16T23:22:18.392272Z  INFO tailwindcss_oxide::scanner: Reading "/Users/evandsouza/Documents/therapywithpallavi/tsconfig.json"
2026-04-16T23:22:18.392289Z  INFO tailwindcss_oxide::scanner: Reading "/Users/evandsouza/Documents/therapywithpallavi/src/app/contact/page.tsx"
2026-04-16T23:22:18.392291Z  INFO tailwindcss_oxide::scanner: Reading "/Users/evandsouza/Documents/therapywithpallavi/src/app/journal/page.tsx"
2026-04-16T23:22:18.392330Z  INFO tailwindcss_oxide::scanner: Reading "/Users/evandsouza/Documents/therapywithpallavi/postcss.config.mjs"
2026-04-16T23:22:18.392375Z  INFO tailwindcss_oxide::scanner: Reading "/Users/evandsouza/Documents/therapywithpallavi/src/app/terms/page.tsx"
2026-04-16T23:22:18.392377Z  INFO tailwindcss_oxide::scanner: Reading "/Users/evandsouza/Documents/therapywithpallavi/src/app/journal/[slug]/page.tsx"
2026-04-16T23:22:18.392402Z  INFO tailwindcss_oxide::scanner: Reading "/Users/evandsouza/Documents/therapywithpallavi/src/app/how-i-work/page.tsx"
2026-04-16T23:22:18.392388Z  INFO tailwindcss_oxide::scanner: Reading "/Users/evandsouza/Documents/therapywithpallavi/src/app/api/intake/route.ts"
2026-04-16T23:22:18.392426Z  INFO tailwindcss_oxide::scanner: Reading "/Users/evandsouza/Documents/therapywithpallavi/src/app/robots.ts"
2026-04-16T23:22:18.392378Z  INFO tailwindcss_oxide::scanner: Reading "/Users/evandsouza/Documents/therapywithpallavi/next.config.ts"
2026-04-16T23:22:18.392432Z  INFO tailwindcss_oxide::scanner: Reading "/Users/evandsouza/Documents/therapywithpallavi/src/app/about/page.tsx"
2026-04-16T23:22:18.392442Z  INFO tailwindcss_oxide::scanner: Reading "/Users/evandsouza/Documents/therapywithpallavi/src/app/page.tsx"
2026-04-16T23:22:18.392463Z  INFO tailwindcss_oxide::scanner: Reading "/Users/evandsouza/Documents/therapywithpallavi/research/phase-1-audit.md"
2026-04-16T23:22:18.392549Z  INFO tailwindcss_oxide::scanner: Reading "/Users/evandsouza/Documents/therapywithpallavi/research/stitch/02-hero-plus-about.html"
2026-04-16T23:22:18.392467Z  INFO tailwindcss_oxide::scanner: Reading "/Users/evandsouza/Documents/therapywithpallavi/netlify.toml"
2026-04-16T23:22:18.392485Z  INFO tailwindcss_oxide::scanner: Reading "/Users/evandsouza/Documents/therapywithpallavi/README.md"
2026-04-16T23:22:18.392553Z  INFO tailwindcss_oxide::scanner: Reading "/Users/evandsouza/Documents/therapywithpallavi/src/app/not-found.tsx"
2026-04-16T23:22:18.392639Z  INFO tailwindcss_oxide::scanner: Reading "/Users/evandsouza/Documents/therapywithpallavi/src/components/home/stats-stripe.tsx"
2026-04-16T23:22:18.392589Z  INFO tailwindcss_oxide::scanner: Reading "/Users/evandsouza/Documents/therapywithpallavi/research/phase-3-copy.md"
2026-04-16T23:22:18.392596Z  INFO tailwindcss_oxide::scanner: Reading "/Users/evandsouza/Documents/therapywithpallavi/src/components/home/about.tsx"
2026-04-16T23:22:18.392593Z  INFO tailwindcss_oxide::scanner: Reading "/Users/evandsouza/Documents/therapywithpallavi/src/app/sitemap.ts"
2026-04-16T23:22:18.392470Z  INFO tailwindcss_oxide::scanner: Reading "/Users/evandsouza/Documents/therapywithpallavi/package.json"
2026-04-16T23:22:18.392655Z  INFO tailwindcss_oxide::scanner: Reading "/Users/evandsouza/Documents/therapywithpallavi/src/app/layout.tsx"
2026-04-16T23:22:18.392661Z  INFO tailwindcss_oxide::scanner: Reading "/Users/evandsouza/Documents/therapywithpallavi/src/components/home/final-cta.tsx"
2026-04-16T23:22:18.392795Z  INFO tailwindcss_oxide::scanner: Reading "/Users/evandsouza/Documents/therapywithpallavi/src/components/tree-emblem.tsx"
2026-04-16T23:22:18.392807Z  INFO tailwindcss_oxide::scanner: Reading "/Users/evandsouza/Documents/therapywithpallavi/src/components/intake-form.tsx"
2026-04-16T23:22:18.392817Z  INFO tailwindcss_oxide::scanner: Reading "/Users/evandsouza/Documents/therapywithpallavi/src/components/home/hero.tsx"
2026-04-16T23:22:18.392744Z  INFO tailwindcss_oxide::scanner: Reading "/Users/evandsouza/Documents/therapywithpallavi/src/components/staggered-words.tsx"
2026-04-16T23:22:18.392753Z  INFO tailwindcss_oxide::scanner: Reading "/Users/evandsouza/Documents/therapywithpallavi/research/phase-2-brand.md"
2026-04-16T23:22:18.392842Z  INFO tailwindcss_oxide::scanner: Reading "/Users/evandsouza/Documents/therapywithpallavi/src/components/site-footer.tsx"
2026-04-16T23:22:18.392737Z  INFO tailwindcss_oxide::scanner: Reading "/Users/evandsouza/Documents/therapywithpallavi/src/components/scroll-progress.tsx"
2026-04-16T23:22:18.392738Z  INFO tailwindcss_oxide::scanner: Reading "/Users/evandsouza/Documents/therapywithpallavi/src/components/hero-arcs.tsx"
2026-04-16T23:22:18.392827Z  INFO tailwindcss_oxide::scanner: Reading "/Users/evandsouza/Documents/therapywithpallavi/src/components/fade-in.tsx"
2026-04-16T23:22:18.392962Z  INFO tailwindcss_oxide::scanner: Reading "/Users/evandsouza/Documents/therapywithpallavi/src/components/home/who.tsx"
2026-04-16T23:22:18.392972Z  INFO tailwindcss_oxide::scanner: Reading "/Users/evandsouza/Documents/therapywithpallavi/src/components/home/journal-preview.tsx"
2026-04-16T23:22:18.392671Z  INFO tailwindcss_oxide::scanner: Reading "/Users/evandsouza/Documents/therapywithpallavi/src/components/home/pull-quote.tsx"
2026-04-16T23:22:18.392990Z  INFO tailwindcss_oxide::scanner: Reading "/Users/evandsouza/Documents/therapywithpallavi/src/components/home/areas.tsx"
2026-04-16T23:22:18.392909Z  INFO tailwindcss_oxide::scanner: Reading "/Users/evandsouza/Documents/therapywithpallavi/src/components/site-nav.tsx"
2026-04-16T23:22:18.393002Z  INFO tailwindcss_oxide::scanner: Reading "/Users/evandsouza/Documents/therapywithpallavi/src/components/home/practice.tsx"
2026-04-16T23:22:18.393003Z  INFO tailwindcss_oxide::scanner: Reading "/Users/evandsouza/Documents/therapywithpallavi/research/stitch/03-with-practice.html"
2026-04-16T23:22:18.393012Z  INFO tailwindcss_oxide::scanner: Reading "/Users/evandsouza/Documents/therapywithpallavi/src/lib/posts.ts"
2026-04-16T23:22:18.393021Z  INFO tailwindcss_oxide::scanner: Reading "/Users/evandsouza/Documents/therapywithpallavi/research/stitch/01-hero.html"
2026-04-16T23:22:18.393099Z  INFO tailwindcss_oxide::scanner: Reading "/Users/evandsouza/Documents/therapywithpallavi/src/components/animated-tree.tsx"
2026-04-16T23:22:18.393177Z  INFO tailwindcss_oxide::scanner: Reading "/Users/evandsouza/Documents/therapywithpallavi/research/stitch/04-full-homepage.html"
2026-04-16T23:22:18.393215Z  INFO discover_sources: tailwindcss_oxide::scanner: exit
2026-04-16T23:22:18.393222Z  INFO extract_candidates: tailwindcss_oxide::scanner: enter
2026-04-16T23:22:18.393227Z  INFO extract_candidates:parse_all_blobs: tailwindcss_oxide::scanner: enter
2026-04-16T23:22:18.393231Z  INFO extract_candidates:parse_all_blobs:extract: tailwindcss_oxide::scanner: enter
2026-04-16T23:22:18.394719Z  INFO extract_candidates:parse_all_blobs:extract: tailwindcss_oxide::scanner: exit
2026-04-16T23:22:18.394729Z  INFO extract_candidates:parse_all_blobs: tailwindcss_oxide::scanner: exit
2026-04-16T23:22:18.394734Z  INFO extract_candidates:read_all_files: tailwindcss_oxide::scanner: enter
2026-04-16T23:22:18.394738Z  INFO extract_candidates:read_all_files: tailwindcss_oxide::scanner: Reading 1 file(s)
2026-04-16T23:22:18.394775Z  INFO extract_candidates:read_all_files: tailwindcss_oxide::scanner: Reading "/Users/evandsouza/Documents/therapywithpallavi/src/app/globals.css"
2026-04-16T23:22:18.394782Z  INFO extract_candidates:read_all_files: tailwindcss_oxide::scanner: exit
2026-04-16T23:22:18.394793Z  INFO extract_candidates:extract_css_variables: tailwindcss_oxide::scanner: enter
2026-04-16T23:22:18.394798Z  INFO extract_candidates:extract_css_variables:extract: tailwindcss_oxide::scanner: enter
2026-04-16T23:22:18.394938Z  INFO extract_candidates:extract_css_variables:extract: tailwindcss_oxide::scanner: exit
2026-04-16T23:22:18.394949Z  INFO extract_candidates:extract_css_variables: tailwindcss_oxide::scanner: exit
2026-04-16T23:22:18.395245Z  INFO extract_candidates: tailwindcss_oxide::scanner: exit
2026-04-16T23:22:18.395799Z  INFO get_files: tailwindcss_oxide::scanner: enter
2026-04-16T23:22:18.395806Z  INFO get_files:discover_sources: tailwindcss_oxide::scanner: enter
2026-04-16T23:22:18.395810Z  INFO get_files:discover_sources: tailwindcss_oxide::scanner: exit
2026-04-16T23:22:18.395876Z  INFO get_files: tailwindcss_oxide::scanner: exit
2026-04-16T23:22:18.395939Z  INFO get_globs: tailwindcss_oxide::scanner: enter
2026-04-16T23:22:18.395944Z  INFO get_globs:discover_sources: tailwindcss_oxide::scanner: enter
2026-04-16T23:22:18.395947Z  INFO get_globs:discover_sources: tailwindcss_oxide::scanner: exit
2026-04-16T23:22:18.396992Z  INFO get_globs: tailwindcss_oxide::scanner: exit
